localhost - - [17/Nov/2008:19:26:22 -0500] "POST / HTTP/1.1" 200 75 CUPS-Get-Default client-error-not-found
localhost - - [17/Nov/2008:19:26:22 -0500] "POST / HTTP/1.1" 200 195 Get-Printer-Attributes successful-ok
localhost - - [17/Nov/2008:19:26:22 -0500] "POST / HTTP/1.1" 200 205 Get-Printer-Attributes successful-ok
localhost - - [17/Nov/2008:19:26:22 -0500] "GET /ppd/HP7CA2A3-1.ppd HTTP/1.1" 200 315769 - -
localhost - - [17/Nov/2008:19:26:22 -0500] "POST / HTTP/1.1" 200 158 Get-Printer-Attributes successful-ok
localhost - - [17/Nov/2008:19:26:22 -0500] "POST / HTTP/1.1" 200 195 Get-Printer-Attributes successful-ok
localhost - - [18/Nov/2008:13:58:06 -0500] "POST / HTTP/1.1" 200 203 Get-Printer-Attributes successful-ok
localhost - - [18/Nov/2008:13:58:06 -0500] "GET /ppd/HP7CA2A3.ppd HTTP/1.1" 200 315419 - -
localhost - - [18/Nov/2008:18:28:48 -0500] "POST / HTTP/1.1" 200 203 Get-Printer-Attributes successful-ok
localhost - - [18/Nov/2008:18:28:48 -0500] "GET /ppd/HP7CA2A3.ppd HTTP/1.1" 200 315419 - -
localhost - - [19/Nov/2008:07:46:19 -0500] "POST / HTTP/1.1" 200 203 Get-Printer-Attributes successful-ok
localhost - - [19/Nov/2008:07:46:19 -0500] "GET /ppd/HP7CA2A3.ppd HTTP/1.1" 200 315419 - -
localhost - - [19/Nov/2008:11:54:17 -0500] "POST / HTTP/1.1" 200 419 CUPS-Get-Printers successful-ok
localhost - - [19/Nov/2008:11:54:17 -0500] "POST / HTTP/1.1" 200 419 CUPS-Get-Classes successful-ok
localhost - - [19/Nov/2008:11:54:17 -0500] "POST / HTTP/1.1" 200 75 CUPS-Get-Default client-error-not-found
localhost - - [19/Nov/2008:11:54:17 -0500] "POST / HTTP/1.1" 200 193 Get-Printer-Attributes successful-ok
localhost - - [19/Nov/2008:13:41:34 -0500] "POST / HTTP/1.1" 200 203 Get-Printer-Attributes successful-ok
localhost - - [19/Nov/2008:13:41:34 -0500] "GET /ppd/HP7CA2A3.ppd HTTP/1.1" 200 315419 - -
localhost - - [19/Nov/2008:15:05:41 -0500] "POST / HTTP/1.1" 200 203 Get-Printer-Attributes successful-ok
localhost - - [19/Nov/2008:15:05:41 -0500] "GET /ppd/HP7CA2A3.ppd HTTP/1.1" 200 315419 - -
localhost - - [19/Nov/2008:17:14:29 -0500] "POST / HTTP/1.1" 200 203 Get-Printer-Attributes successful-ok
localhost - - [19/Nov/2008:17:14:29 -0500] "GET /ppd/HP7CA2A3.ppd HTTP/1.1" 200 315419 - -
localhost - - [20/Nov/2008:08:01:27 -0500] "POST / HTTP/1.1" 200 203 Get-Printer-Attributes successful-ok
localhost - - [20/Nov/2008:08:01:27 -0500] "GET /ppd/HP7CA2A3.ppd HTTP/1.1" 200 315419 - -
localhost - - [20/Nov/2008:08:06:08 -0500] "POST / HTTP/1.1" 200 419 CUPS-Get-Printers successful-ok
localhost - - [20/Nov/2008:08:06:08 -0500] "POST / HTTP/1.1" 200 419 CUPS-Get-Classes successful-ok
localhost - - [20/Nov/2008:11:44:02 -0500] "POST / HTTP/1.1" 200 75 CUPS-Get-Default client-error-not-found
localhost - - [20/Nov/2008:11:44:02 -0500] "POST / HTTP/1.1" 200 226 Get-Printer-Attributes successful-ok
localhost - - [20/Nov/2008:11:44:02 -0500] "POST / HTTP/1.1" 200 236 Get-Printer-Attributes successful-ok
localhost - - [20/Nov/2008:11:44:02 -0500] "GET /ppd/Photosmart_3300_series__10_0_1_196___Fax_.ppd HTTP/1.1" 200 2973 - -
localhost - - [20/Nov/2008:11:44:02 -0500] "POST / HTTP/1.1" 200 195 Get-Printer-Attributes successful-ok
localhost - - [20/Nov/2008:11:44:02 -0500] "POST / HTTP/1.1" 200 205 Get-Printer-Attributes successful-ok
localhost - - [20/Nov/2008:11:44:02 -0500] "GET /ppd/HP7CA2A3-1.ppd HTTP/1.1" 200 315769 - -
localhost - - [20/Nov/2008:11:44:02 -0500] "POST / HTTP/1.1" 200 193 Get-Printer-Attributes successful-ok
localhost - - [20/Nov/2008:11:44:02 -0500] "POST / HTTP/1.1" 200 203 Get-Printer-Attributes successful-ok
localhost - - [20/Nov/2008:11:44:02 -0500] "GET /ppd/HP7CA2A3.ppd HTTP/1.1" 200 315419 - -
localhost - - [22/Nov/2008:10:45:00 -0500] "POST / HTTP/1.1" 200 203 Get-Printer-Attributes successful-ok
localhost - - [22/Nov/2008:10:45:00 -0500] "GET /ppd/HP7CA2A3.ppd HTTP/1.1" 200 315419 - -
